1715109559: mosquitto version 2.0.18 starting
1715109559: Config loaded from /mosquitto/config/mosquitto.conf.
1715109559: Opening ipv4 listen socket on port 1883.
1715109559: Opening ipv6 listen socket on port 1883.
1715109559: mosquitto version 2.0.18 running
1715110067: mosquitto version 2.0.18 terminating
1715110067: Saving in-memory database to /mosquitto/data//mosquitto.db.
1715110137: mosquitto version 2.0.18 starting
1715110137: Config loaded from /mosquitto/config/mosquitto.conf.
1715110137: Opening ipv4 listen socket on port 1883.
1715110137: Opening ipv6 listen socket on port 1883.
1715110137: mosquitto version 2.0.18 running
1715111596: mosquitto version 2.0.18 terminating
1715111596: Saving in-memory database to /mosquitto/data//mosquitto.db.
1715111661: mosquitto version 2.0.18 starting
1715111661: Config loaded from /mosquitto/config/mosquitto.conf.
1715111661: Opening ipv4 listen socket on port 1883.
1715111661: Opening ipv6 listen socket on port 1883.
1715111661: mosquitto version 2.0.18 running
1715113461: Saving in-memory database to /mosquitto/data//mosquitto.db.
